<?xml version="1.0" encoding="UTF-8"?>
<Site BuildName="(empty)"
	BuildStamp="20250128-1020-Experimental"
	Name="(empty)"
	Generator="ctest-3.22.1"
	CompilerName=""
	CompilerVersion=""
	OSName="Linux"
	Hostname="oster-ASUS-TUF-Gaming-A15-FA506NF-FA506NF"
	OSRelease="6.8.0-51-generic"
	OSVersion="#52~22.04.1-Ubuntu SMP PREEMPT_DYNAMIC Mon Dec  9 15:00:52 UTC 2"
	OSPlatform="x86_64"
	Is64Bits="1"
	VendorString="AuthenticAMD"
	VendorID="Advanced Micro Devices"
	FamilyID="25"
	ModelID="68"
	ProcessorCacheSize="512"
	NumberOfLogicalCPU="12"
	NumberOfPhysicalCPU="6"
	TotalVirtualMemory="2047"
	TotalPhysicalMemory="15305"
	LogicalProcessorsPerPhysical="2"
	ProcessorClockFrequency="4363.26"
	>
	<Testing>
		<StartDateTime>Jan 28 13:20 MSK</StartDateTime>
		<StartTestTime>1738059637</StartTestTime>
		<TestList/>
		<EndDateTime>Jan 28 13:20 MSK</EndDateTime>
		<EndTestTime>1738059637</EndTestTime>
		<ElapsedMinutes>0</ElapsedMinutes>
	</Testing>
</Site>
